<testsuites name="jest tests" tests="2" failures="0" time="0.292">
  <testsuite name="undefined" errors="0" failures="0" skipped="0" timestamp="2018-05-10T01:32:48" time="0.245" tests="1">
    <testcase classname=" Renders with default props" name=" Renders with default props" time="0.015">
    </testcase>
  </testsuite>
  <testsuite name="undefined" errors="0" failures="0" skipped="0" timestamp="2018-05-10T01:32:48" time="0.047" tests="1">
    <testcase classname=" Renders with default props" name=" Renders with default props" time="0.008">
    </testcase>
  </testsuite>
</testsuites>