<testsuites name="jest tests" tests="4" failures="0" time="0.244">
  <testsuite name="undefined" errors="0" failures="0" skipped="0" timestamp="2018-05-10T03:17:13" time="0.16" tests="3">
    <testcase classname=" generateBingoCardNumbers" name=" generateBingoCardNumbers" time="0.001">
    </testcase>
    <testcase classname=" generateUniqueRandomNumber" name=" generateUniqueRandomNumber" time="0.001">
    </testcase>
    <testcase classname=" isBingo" name=" isBingo" time="0">
    </testcase>
  </testsuite>
  <testsuite name="undefined" errors="0" failures="0" skipped="0" timestamp="2018-05-10T03:17:13" time="0.084" tests="1">
    <testcase classname=" Renders with default props" name=" Renders with default props" time="0.006">
    </testcase>
  </testsuite>
</testsuites>